[2025-Jan-24 17:37:31.074 +01:00][ 3421: 3421][info ] Logging initialized
[2025-Jan-24 17:37:31.074 +01:00][ 3421: 3421][info ] Initializing krisp SDK...
[2025-Jan-24 17:37:31.074 +01:00][ 3421: 3421][info ] DoKrispInitialize
[2025-Jan-24 17:37:31.483 +01:00][ 3421: 3421][info ] LoadDynamicKrisp
[2025-Jan-24 17:37:31.483 +01:00][ 3421: 3421][info ] Did not find KRISP_DYLIB_PATH, skipping dynamic loading
[2025-Jan-24 17:37:31.483 +01:00][ 3421: 3421][info ] Initializing Krisp SDK in PID 3421, addr 0x7bfde2b906f0
[2025-Jan-24 17:37:31.742 +01:00][ 3421: 3421][info ] Initialized Krisp SDK successfully
[2025-Jan-24 17:37:31.742 +01:00][ 3421: 3421][info ] Krisp SDK initialized
[2025-Jan-24 21:40:19.284 +01:00][ 1740: 1740][info ] Logging initialized
[2025-Jan-24 21:40:19.284 +01:00][ 1740: 1740][info ] Initializing krisp SDK...
[2025-Jan-24 21:40:19.284 +01:00][ 1740: 1740][info ] DoKrispInitialize
[2025-Jan-24 21:40:19.725 +01:00][ 1740: 1740][info ] LoadDynamicKrisp
[2025-Jan-24 21:40:19.726 +01:00][ 1740: 1740][info ] Did not find KRISP_DYLIB_PATH, skipping dynamic loading
[2025-Jan-24 21:40:19.726 +01:00][ 1740: 1740][info ] Initializing Krisp SDK in PID 1740, addr 0x7444f9b906f0
[2025-Jan-24 21:40:20.008 +01:00][ 1740: 1740][info ] Initialized Krisp SDK successfully
[2025-Jan-24 21:40:20.008 +01:00][ 1740: 1740][info ] Krisp SDK initialized
[2025-Jan-25 16:04:48.200 +01:00][ 1353: 1353][info ] Logging initialized
[2025-Jan-25 16:04:48.200 +01:00][ 1353: 1353][info ] Initializing krisp SDK...
[2025-Jan-25 16:04:48.200 +01:00][ 1353: 1353][info ] DoKrispInitialize
[2025-Jan-25 16:04:48.630 +01:00][ 1353: 1353][info ] LoadDynamicKrisp
[2025-Jan-25 16:04:48.630 +01:00][ 1353: 1353][info ] Did not find KRISP_DYLIB_PATH, skipping dynamic loading
[2025-Jan-25 16:04:48.630 +01:00][ 1353: 1353][info ] Initializing Krisp SDK in PID 1353, addr 0x77ea90b906f0
[2025-Jan-25 16:04:48.902 +01:00][ 1353: 1353][info ] Initialized Krisp SDK successfully
[2025-Jan-25 16:04:48.902 +01:00][ 1353: 1353][info ] Krisp SDK initialized
[2025-Jan-26 20:17:35.566 +01:00][ 3359: 3359][info ] Logging initialized
[2025-Jan-26 20:17:35.566 +01:00][ 3359: 3359][info ] Initializing krisp SDK...
[2025-Jan-26 20:17:35.566 +01:00][ 3359: 3359][info ] DoKrispInitialize
[2025-Jan-26 20:17:36.003 +01:00][ 3359: 3359][info ] LoadDynamicKrisp
[2025-Jan-26 20:17:36.003 +01:00][ 3359: 3359][info ] Did not find KRISP_DYLIB_PATH, skipping dynamic loading
[2025-Jan-26 20:17:36.003 +01:00][ 3359: 3359][info ] Initializing Krisp SDK in PID 3359, addr 0x77824df906f0
[2025-Jan-26 20:17:36.276 +01:00][ 3359: 3359][info ] Initialized Krisp SDK successfully
[2025-Jan-26 20:17:36.276 +01:00][ 3359: 3359][info ] Krisp SDK initialized
[2025-Jan-27 22:12:10.562 +01:00][  800:  800][info ] Logging initialized
[2025-Jan-27 22:12:10.562 +01:00][  800:  800][info ] Initializing krisp SDK...
[2025-Jan-27 22:12:10.562 +01:00][  800:  800][info ] DoKrispInitialize
[2025-Jan-27 22:12:10.994 +01:00][  800:  800][info ] LoadDynamicKrisp
[2025-Jan-27 22:12:10.994 +01:00][  800:  800][info ] Did not find KRISP_DYLIB_PATH, skipping dynamic loading
[2025-Jan-27 22:12:10.994 +01:00][  800:  800][info ] Initializing Krisp SDK in PID 800, addr 0x70bbb03906f0
[2025-Jan-27 22:12:11.263 +01:00][  800:  800][info ] Initialized Krisp SDK successfully
[2025-Jan-27 22:12:11.263 +01:00][  800:  800][info ] Krisp SDK initialized
[2025-Jan-27 22:12:23.231 +01:00][  800:  828][info ] KrispNCSetup: sampleRate = 48000, duration = 10
[2025-Jan-27 22:12:23.231 +01:00][  800:  828][info ] Setting Krisp model: full_NC
[2025-Jan-27 22:12:23.259 +01:00][  800:  828][info ] KrispVADSetup: sampleRate = 48000, duration = 10
[2025-Jan-27 22:12:29.973 +01:00][  800:  828][info ] KrispVADSetup: sampleRate = 48000, duration = 10
[2025-Jan-27 22:12:37.579 +01:00][  800:  820][info ] KrispVADReset
[2025-Jan-27 22:12:37.589 +01:00][  800:  828][info ] KrispVADSetup: sampleRate = 48000, duration = 10
[2025-Jan-27 22:12:53.048 +01:00][  800:  820][info ] KrispVADReset
[2025-Jan-31 19:17:04.040 +01:00][ 2239: 2239][info ] Logging initialized
[2025-Jan-31 19:17:04.040 +01:00][ 2239: 2239][info ] Initializing krisp SDK...
[2025-Jan-31 19:17:04.040 +01:00][ 2239: 2239][info ] DoKrispInitialize
[2025-Jan-31 19:17:04.484 +01:00][ 2239: 2239][info ] LoadDynamicKrisp
[2025-Jan-31 19:17:04.484 +01:00][ 2239: 2239][info ] Did not find KRISP_DYLIB_PATH, skipping dynamic loading
[2025-Jan-31 19:17:04.484 +01:00][ 2239: 2239][info ] Initializing Krisp SDK in PID 2239, addr 0x785d66f906f0
[2025-Jan-31 19:17:04.743 +01:00][ 2239: 2239][info ] Initialized Krisp SDK successfully
[2025-Jan-31 19:17:04.743 +01:00][ 2239: 2239][info ] Krisp SDK initialized
[2025-Feb-01 19:42:49.826 +01:00][ 2845: 2845][info ] Logging initialized
[2025-Feb-01 19:42:49.826 +01:00][ 2845: 2845][info ] Initializing krisp SDK...
[2025-Feb-01 19:42:49.826 +01:00][ 2845: 2845][info ] DoKrispInitialize
[2025-Feb-01 19:42:50.251 +01:00][ 2845: 2845][info ] LoadDynamicKrisp
[2025-Feb-01 19:42:50.251 +01:00][ 2845: 2845][info ] Did not find KRISP_DYLIB_PATH, skipping dynamic loading
[2025-Feb-01 19:42:50.251 +01:00][ 2845: 2845][info ] Initializing Krisp SDK in PID 2845, addr 0x731d6e1906f0
[2025-Feb-01 19:42:50.522 +01:00][ 2845: 2845][info ] Initialized Krisp SDK successfully
[2025-Feb-01 19:42:50.522 +01:00][ 2845: 2845][info ] Krisp SDK initialized
[2025-Feb-02 00:18:06.910 +01:00][ 1554: 1554][info ] Logging initialized
[2025-Feb-02 00:18:06.910 +01:00][ 1554: 1554][info ] Initializing krisp SDK...
[2025-Feb-02 00:18:06.910 +01:00][ 1554: 1554][info ] DoKrispInitialize
[2025-Feb-02 00:18:07.349 +01:00][ 1554: 1554][info ] LoadDynamicKrisp
[2025-Feb-02 00:18:07.349 +01:00][ 1554: 1554][info ] Did not find KRISP_DYLIB_PATH, skipping dynamic loading
[2025-Feb-02 00:18:07.349 +01:00][ 1554: 1554][info ] Initializing Krisp SDK in PID 1554, addr 0x7623c85906f0
[2025-Feb-02 00:18:07.621 +01:00][ 1554: 1554][info ] Initialized Krisp SDK successfully
[2025-Feb-02 00:18:07.621 +01:00][ 1554: 1554][info ] Krisp SDK initialized
[2025-Feb-03 08:41:11.049 +01:00][ 1992: 1992][info ] Logging initialized
[2025-Feb-03 08:41:11.049 +01:00][ 1992: 1992][info ] Initializing krisp SDK...
[2025-Feb-03 08:41:11.049 +01:00][ 1992: 1992][info ] DoKrispInitialize
[2025-Feb-03 08:41:11.485 +01:00][ 1992: 1992][info ] LoadDynamicKrisp
[2025-Feb-03 08:41:11.485 +01:00][ 1992: 1992][info ] Did not find KRISP_DYLIB_PATH, skipping dynamic loading
[2025-Feb-03 08:41:11.485 +01:00][ 1992: 1992][info ] Initializing Krisp SDK in PID 1992, addr 0x7fca3cb906f0
[2025-Feb-03 08:41:11.759 +01:00][ 1992: 1992][info ] Initialized Krisp SDK successfully
[2025-Feb-03 08:41:11.759 +01:00][ 1992: 1992][info ] Krisp SDK initialized
[2025-Feb-04 08:20:39.551 +01:00][26728:26728][info ] Logging initialized
[2025-Feb-04 08:20:39.551 +01:00][26728:26728][info ] Initializing krisp SDK...
[2025-Feb-04 08:20:39.551 +01:00][26728:26728][info ] DoKrispInitialize
[2025-Feb-04 08:20:39.963 +01:00][26728:26728][info ] LoadDynamicKrisp
[2025-Feb-04 08:20:39.963 +01:00][26728:26728][info ] Did not find KRISP_DYLIB_PATH, skipping dynamic loading
[2025-Feb-04 08:20:39.963 +01:00][26728:26728][info ] Initializing Krisp SDK in PID 26728, addr 0x7de99af906f0
[2025-Feb-04 08:20:40.198 +01:00][26728:26728][info ] Initialized Krisp SDK successfully
[2025-Feb-04 08:20:40.198 +01:00][26728:26728][info ] Krisp SDK initialized
[2025-Feb-04 08:21:24.554 +01:00][27027:27027][info ] Logging initialized
[2025-Feb-04 08:21:24.554 +01:00][27027:27027][info ] Initializing krisp SDK...
[2025-Feb-04 08:21:24.554 +01:00][27027:27027][info ] DoKrispInitialize
[2025-Feb-04 08:21:24.968 +01:00][27027:27027][info ] LoadDynamicKrisp
[2025-Feb-04 08:21:24.968 +01:00][27027:27027][info ] Did not find KRISP_DYLIB_PATH, skipping dynamic loading
[2025-Feb-04 08:21:24.968 +01:00][27027:27027][info ] Initializing Krisp SDK in PID 27027, addr 0x6fff723906f0
[2025-Feb-04 08:21:25.211 +01:00][27027:27027][info ] Initialized Krisp SDK successfully
[2025-Feb-04 08:21:25.211 +01:00][27027:27027][info ] Krisp SDK initialized
[2025-Feb-04 08:21:27.420 +01:00][27027:27027][info ] Logging initialized
[2025-Feb-04 08:21:27.420 +01:00][27027:27027][info ] Initializing krisp SDK...
[2025-Feb-04 08:21:27.420 +01:00][27027:27027][info ] Krisp SDK initialized
[2025-Feb-04 08:54:02.751 +01:00][ 2119: 2119][info ] Logging initialized
[2025-Feb-04 08:54:02.751 +01:00][ 2119: 2119][info ] Initializing krisp SDK...
[2025-Feb-04 08:54:02.751 +01:00][ 2119: 2119][info ] DoKrispInitialize
[2025-Feb-04 08:54:03.197 +01:00][ 2119: 2119][info ] LoadDynamicKrisp
[2025-Feb-04 08:54:03.197 +01:00][ 2119: 2119][info ] Did not find KRISP_DYLIB_PATH, skipping dynamic loading
[2025-Feb-04 08:54:03.197 +01:00][ 2119: 2119][info ] Initializing Krisp SDK in PID 2119, addr 0x7736a1d906f0
[2025-Feb-04 08:54:03.473 +01:00][ 2119: 2119][info ] Initialized Krisp SDK successfully
[2025-Feb-04 08:54:03.473 +01:00][ 2119: 2119][info ] Krisp SDK initialized
[2025-Feb-04 09:15:17.790 +01:00][ 3135: 3135][info ] Logging initialized
[2025-Feb-04 09:15:17.790 +01:00][ 3135: 3135][info ] Initializing krisp SDK...
[2025-Feb-04 09:15:17.790 +01:00][ 3135: 3135][info ] DoKrispInitialize
[2025-Feb-04 09:15:18.243 +01:00][ 3135: 3135][info ] LoadDynamicKrisp
[2025-Feb-04 09:15:18.243 +01:00][ 3135: 3135][info ] Did not find KRISP_DYLIB_PATH, skipping dynamic loading
[2025-Feb-04 09:15:18.243 +01:00][ 3135: 3135][info ] Initializing Krisp SDK in PID 3135, addr 0x75f36cd906f0
[2025-Feb-04 09:15:18.516 +01:00][ 3135: 3135][info ] Initialized Krisp SDK successfully
[2025-Feb-04 09:15:18.516 +01:00][ 3135: 3135][info ] Krisp SDK initialized
[2025-Feb-04 09:46:31.376 +01:00][ 6243: 6243][info ] Logging initialized
[2025-Feb-04 09:46:31.376 +01:00][ 6243: 6243][info ] Initializing krisp SDK...
[2025-Feb-04 09:46:31.376 +01:00][ 6243: 6243][info ] DoKrispInitialize
[2025-Feb-04 09:46:31.781 +01:00][ 6243: 6243][info ] LoadDynamicKrisp
[2025-Feb-04 09:46:31.781 +01:00][ 6243: 6243][info ] Did not find KRISP_DYLIB_PATH, skipping dynamic loading
[2025-Feb-04 09:46:31.781 +01:00][ 6243: 6243][info ] Initializing Krisp SDK in PID 6243, addr 0x79068b3906f0
[2025-Feb-04 09:46:32.052 +01:00][ 6243: 6243][info ] Initialized Krisp SDK successfully
[2025-Feb-04 09:46:32.052 +01:00][ 6243: 6243][info ] Krisp SDK initialized
[2025-Feb-06 08:30:07.617 +01:00][ 3066: 3066][info ] Logging initialized
[2025-Feb-06 08:30:07.617 +01:00][ 3066: 3066][info ] Initializing krisp SDK...
[2025-Feb-06 08:30:07.617 +01:00][ 3066: 3066][info ] DoKrispInitialize
[2025-Feb-06 08:30:07.992 +01:00][ 3066: 3066][info ] LoadDynamicKrisp
[2025-Feb-06 08:30:07.992 +01:00][ 3066: 3066][info ] Did not find KRISP_DYLIB_PATH, skipping dynamic loading
[2025-Feb-06 08:30:07.992 +01:00][ 3066: 3066][info ] Initializing Krisp SDK in PID 3066, addr 0x705cb27906f0
[2025-Feb-06 08:30:08.243 +01:00][ 3066: 3066][info ] Initialized Krisp SDK successfully
[2025-Feb-06 08:30:08.243 +01:00][ 3066: 3066][info ] Krisp SDK initialized
[2025-Feb-07 17:05:02.271 +01:00][ 3414: 3414][info ] Logging initialized
[2025-Feb-07 17:05:02.271 +01:00][ 3414: 3414][info ] Initializing krisp SDK...
[2025-Feb-07 17:05:02.271 +01:00][ 3414: 3414][info ] DoKrispInitialize
[2025-Feb-07 17:05:02.720 +01:00][ 3414: 3414][info ] LoadDynamicKrisp
[2025-Feb-07 17:05:02.720 +01:00][ 3414: 3414][info ] Did not find KRISP_DYLIB_PATH, skipping dynamic loading
[2025-Feb-07 17:05:02.720 +01:00][ 3414: 3414][info ] Initializing Krisp SDK in PID 3414, addr 0x7578e13906f0
[2025-Feb-07 17:05:02.998 +01:00][ 3414: 3414][info ] Initialized Krisp SDK successfully
[2025-Feb-07 17:05:02.998 +01:00][ 3414: 3414][info ] Krisp SDK initialized
[2025-Feb-10 08:26:18.234 +01:00][13488:13488][info ] Logging initialized
[2025-Feb-10 08:26:18.235 +01:00][13488:13488][info ] Initializing krisp SDK...
[2025-Feb-10 08:26:18.235 +01:00][13488:13488][info ] DoKrispInitialize
[2025-Feb-10 08:26:18.688 +01:00][13488:13488][info ] LoadDynamicKrisp
[2025-Feb-10 08:26:18.688 +01:00][13488:13488][info ] Did not find KRISP_DYLIB_PATH, skipping dynamic loading
[2025-Feb-10 08:26:18.688 +01:00][13488:13488][info ] Initializing Krisp SDK in PID 13488, addr 0x7f81d71906f0
[2025-Feb-10 08:26:18.959 +01:00][13488:13488][info ] Initialized Krisp SDK successfully
[2025-Feb-10 08:26:18.959 +01:00][13488:13488][info ] Krisp SDK initialized
[2025-Feb-11 08:42:04.653 +01:00][10897:10897][info ] Logging initialized
[2025-Feb-11 08:42:04.653 +01:00][10897:10897][info ] Initializing krisp SDK...
[2025-Feb-11 08:42:04.653 +01:00][10897:10897][info ] DoKrispInitialize
[2025-Feb-11 08:42:05.047 +01:00][10897:10897][info ] LoadDynamicKrisp
[2025-Feb-11 08:42:05.047 +01:00][10897:10897][info ] Did not find KRISP_DYLIB_PATH, skipping dynamic loading
[2025-Feb-11 08:42:05.047 +01:00][10897:10897][info ] Initializing Krisp SDK in PID 10897, addr 0x7b186b9906f0
[2025-Feb-11 08:42:05.298 +01:00][10897:10897][info ] Initialized Krisp SDK successfully
[2025-Feb-11 08:42:05.298 +01:00][10897:10897][info ] Krisp SDK initialized
[2025-Feb-12 08:22:52.451 +01:00][ 4548: 4548][info ] Logging initialized
[2025-Feb-12 08:22:52.451 +01:00][ 4548: 4548][info ] Initializing krisp SDK...
[2025-Feb-12 08:22:52.451 +01:00][ 4548: 4548][info ] DoKrispInitialize
[2025-Feb-12 08:22:52.900 +01:00][ 4548: 4548][info ] LoadDynamicKrisp
[2025-Feb-12 08:22:52.900 +01:00][ 4548: 4548][info ] Did not find KRISP_DYLIB_PATH, skipping dynamic loading
[2025-Feb-12 08:22:52.900 +01:00][ 4548: 4548][info ] Initializing Krisp SDK in PID 4548, addr 0x71b3b4d906f0
[2025-Feb-12 08:22:53.174 +01:00][ 4548: 4548][info ] Initialized Krisp SDK successfully
[2025-Feb-12 08:22:53.174 +01:00][ 4548: 4548][info ] Krisp SDK initialized
[2025-Feb-17 08:22:34.785 +01:00][251642:251642][info ] Logging initialized
[2025-Feb-17 08:22:34.785 +01:00][251642:251642][info ] Initializing krisp SDK...
[2025-Feb-17 08:22:34.785 +01:00][251642:251642][info ] DoKrispInitialize
[2025-Feb-17 08:22:35.239 +01:00][251642:251642][info ] LoadDynamicKrisp
[2025-Feb-17 08:22:35.239 +01:00][251642:251642][info ] Did not find KRISP_DYLIB_PATH, skipping dynamic loading
[2025-Feb-17 08:22:35.239 +01:00][251642:251642][info ] Initializing Krisp SDK in PID 251642, addr 0x720628b906f0
[2025-Feb-17 08:22:35.515 +01:00][251642:251642][info ] Initialized Krisp SDK successfully
[2025-Feb-17 08:22:35.515 +01:00][251642:251642][info ] Krisp SDK initialized
[2025-Feb-17 20:06:17.826 +01:00][ 1653: 1653][info ] Logging initialized
[2025-Feb-17 20:06:17.826 +01:00][ 1653: 1653][info ] Initializing krisp SDK...
[2025-Feb-17 20:06:17.826 +01:00][ 1653: 1653][info ] DoKrispInitialize
[2025-Feb-17 20:06:18.277 +01:00][ 1653: 1653][info ] LoadDynamicKrisp
[2025-Feb-17 20:06:18.277 +01:00][ 1653: 1653][info ] Did not find KRISP_DYLIB_PATH, skipping dynamic loading
[2025-Feb-17 20:06:18.277 +01:00][ 1653: 1653][info ] Initializing Krisp SDK in PID 1653, addr 0x7a47c4f906f0
[2025-Feb-17 20:06:18.563 +01:00][ 1653: 1653][info ] Initialized Krisp SDK successfully
[2025-Feb-17 20:06:18.563 +01:00][ 1653: 1653][info ] Krisp SDK initialized
[2025-Feb-21 23:12:13.690 +01:00][28769:28769][info ] Logging initialized
[2025-Feb-21 23:12:13.690 +01:00][28769:28769][info ] Initializing krisp SDK...
[2025-Feb-21 23:12:13.690 +01:00][28769:28769][info ] DoKrispInitialize
[2025-Feb-21 23:12:14.142 +01:00][28769:28769][info ] LoadDynamicKrisp
[2025-Feb-21 23:12:14.142 +01:00][28769:28769][info ] Did not find KRISP_DYLIB_PATH, skipping dynamic loading
[2025-Feb-21 23:12:14.142 +01:00][28769:28769][info ] Initializing Krisp SDK in PID 28769, addr 0x7f8f50d908f0
[2025-Feb-21 23:12:14.383 +01:00][28769:28769][info ] Initialized Krisp SDK successfully
[2025-Feb-21 23:12:14.383 +01:00][28769:28769][info ] Krisp SDK initialized
[2025-Feb-22 15:24:05.027 +01:00][ 2051: 2051][info ] Logging initialized
[2025-Feb-22 15:24:05.027 +01:00][ 2051: 2051][info ] Initializing krisp SDK...
[2025-Feb-22 15:24:05.027 +01:00][ 2051: 2051][info ] DoKrispInitialize
[2025-Feb-22 15:24:05.498 +01:00][ 2051: 2051][info ] LoadDynamicKrisp
[2025-Feb-22 15:24:05.498 +01:00][ 2051: 2051][info ] Did not find KRISP_DYLIB_PATH, skipping dynamic loading
[2025-Feb-22 15:24:05.498 +01:00][ 2051: 2051][info ] Initializing Krisp SDK in PID 2051, addr 0x74a49d1908f0
[2025-Feb-22 15:24:05.778 +01:00][ 2051: 2051][info ] Initialized Krisp SDK successfully
[2025-Feb-22 15:24:05.778 +01:00][ 2051: 2051][info ] Krisp SDK initialized
[2025-Feb-24 08:30:59.147 +01:00][90262:90262][info ] Logging initialized
[2025-Feb-24 08:30:59.147 +01:00][90262:90262][info ] Initializing krisp SDK...
[2025-Feb-24 08:30:59.147 +01:00][90262:90262][info ] DoKrispInitialize
[2025-Feb-24 08:30:59.603 +01:00][90262:90262][info ] LoadDynamicKrisp
[2025-Feb-24 08:30:59.603 +01:00][90262:90262][info ] Did not find KRISP_DYLIB_PATH, skipping dynamic loading
[2025-Feb-24 08:30:59.603 +01:00][90262:90262][info ] Initializing Krisp SDK in PID 90262, addr 0x75ea435908f0
[2025-Feb-24 08:30:59.877 +01:00][90262:90262][info ] Initialized Krisp SDK successfully
[2025-Feb-24 08:30:59.877 +01:00][90262:90262][info ] Krisp SDK initialized
[2025-Feb-25 08:40:17.667 +01:00][ 8636: 8636][info ] Logging initialized
[2025-Feb-25 08:40:17.667 +01:00][ 8636: 8636][info ] Initializing krisp SDK...
[2025-Feb-25 08:40:17.667 +01:00][ 8636: 8636][info ] DoKrispInitialize
[2025-Feb-25 08:40:18.090 +01:00][ 8636: 8636][info ] LoadDynamicKrisp
[2025-Feb-25 08:40:18.090 +01:00][ 8636: 8636][info ] Did not find KRISP_DYLIB_PATH, skipping dynamic loading
[2025-Feb-25 08:40:18.090 +01:00][ 8636: 8636][info ] Initializing Krisp SDK in PID 8636, addr 0x7ad985f908f0
[2025-Feb-25 08:40:18.331 +01:00][ 8636: 8636][info ] Initialized Krisp SDK successfully
[2025-Feb-25 08:40:18.331 +01:00][ 8636: 8636][info ] Krisp SDK initialized
[2025-Feb-25 10:00:05.705 +01:00][17058:17058][info ] Logging initialized
[2025-Feb-25 10:00:05.705 +01:00][17058:17058][info ] Initializing krisp SDK...
[2025-Feb-25 10:00:05.705 +01:00][17058:17058][info ] DoKrispInitialize
[2025-Feb-25 10:00:06.168 +01:00][17058:17058][info ] LoadDynamicKrisp
[2025-Feb-25 10:00:06.168 +01:00][17058:17058][info ] Did not find KRISP_DYLIB_PATH, skipping dynamic loading
[2025-Feb-25 10:00:06.168 +01:00][17058:17058][info ] Initializing Krisp SDK in PID 17058, addr 0x73e1855908f0
[2025-Feb-25 10:00:06.441 +01:00][17058:17058][info ] Initialized Krisp SDK successfully
[2025-Feb-25 10:00:06.441 +01:00][17058:17058][info ] Krisp SDK initialized
[2025-Feb-25 13:22:19.894 +01:00][ 4085: 4085][info ] Logging initialized
[2025-Feb-25 13:22:19.894 +01:00][ 4085: 4085][info ] Initializing krisp SDK...
[2025-Feb-25 13:22:19.894 +01:00][ 4085: 4085][info ] DoKrispInitialize
[2025-Feb-25 13:22:20.350 +01:00][ 4085: 4085][info ] LoadDynamicKrisp
[2025-Feb-25 13:22:20.350 +01:00][ 4085: 4085][info ] Did not find KRISP_DYLIB_PATH, skipping dynamic loading
[2025-Feb-25 13:22:20.350 +01:00][ 4085: 4085][info ] Initializing Krisp SDK in PID 4085, addr 0x7aa3c51908f0
[2025-Feb-25 13:22:20.626 +01:00][ 4085: 4085][info ] Initialized Krisp SDK successfully
[2025-Feb-25 13:22:20.626 +01:00][ 4085: 4085][info ] Krisp SDK initialized
[2025-Feb-26 19:42:17.570 +01:00][ 1429: 1429][info ] Logging initialized
[2025-Feb-26 19:42:17.570 +01:00][ 1429: 1429][info ] Initializing krisp SDK...
[2025-Feb-26 19:42:17.570 +01:00][ 1429: 1429][info ] DoKrispInitialize
[2025-Feb-26 19:42:18.035 +01:00][ 1429: 1429][info ] LoadDynamicKrisp
[2025-Feb-26 19:42:18.035 +01:00][ 1429: 1429][info ] Did not find KRISP_DYLIB_PATH, skipping dynamic loading
[2025-Feb-26 19:42:18.035 +01:00][ 1429: 1429][info ] Initializing Krisp SDK in PID 1429, addr 0x75bce99908f0
[2025-Feb-26 19:42:18.312 +01:00][ 1429: 1429][info ] Initialized Krisp SDK successfully
[2025-Feb-26 19:42:18.312 +01:00][ 1429: 1429][info ] Krisp SDK initialized
[2025-Feb-27 08:22:43.833 +01:00][ 4280: 4280][info ] Logging initialized
[2025-Feb-27 08:22:43.833 +01:00][ 4280: 4280][info ] Initializing krisp SDK...
[2025-Feb-27 08:22:43.833 +01:00][ 4280: 4280][info ] DoKrispInitialize
[2025-Feb-27 08:22:44.280 +01:00][ 4280: 4280][info ] LoadDynamicKrisp
[2025-Feb-27 08:22:44.280 +01:00][ 4280: 4280][info ] Did not find KRISP_DYLIB_PATH, skipping dynamic loading
[2025-Feb-27 08:22:44.280 +01:00][ 4280: 4280][info ] Initializing Krisp SDK in PID 4280, addr 0x72ccaab908f0
[2025-Feb-27 08:22:44.555 +01:00][ 4280: 4280][info ] Initialized Krisp SDK successfully
[2025-Feb-27 08:22:44.555 +01:00][ 4280: 4280][info ] Krisp SDK initialized
[2025-Feb-28 08:47:10.524 +01:00][ 6123: 6123][info ] Logging initialized
[2025-Feb-28 08:47:10.524 +01:00][ 6123: 6123][info ] Initializing krisp SDK...
[2025-Feb-28 08:47:10.524 +01:00][ 6123: 6123][info ] DoKrispInitialize
[2025-Feb-28 08:47:10.985 +01:00][ 6123: 6123][info ] LoadDynamicKrisp
[2025-Feb-28 08:47:10.985 +01:00][ 6123: 6123][info ] Did not find KRISP_DYLIB_PATH, skipping dynamic loading
[2025-Feb-28 08:47:10.985 +01:00][ 6123: 6123][info ] Initializing Krisp SDK in PID 6123, addr 0x797caa3908f0
[2025-Feb-28 08:47:11.262 +01:00][ 6123: 6123][info ] Initialized Krisp SDK successfully
[2025-Feb-28 08:47:11.262 +01:00][ 6123: 6123][info ] Krisp SDK initialized
[2025-Mar-02 22:46:47.366 +01:00][ 2456: 2456][info ] Logging initialized
[2025-Mar-02 22:46:47.366 +01:00][ 2456: 2456][info ] Initializing krisp SDK...
[2025-Mar-02 22:46:47.366 +01:00][ 2456: 2456][info ] DoKrispInitialize
[2025-Mar-02 22:46:47.840 +01:00][ 2456: 2456][info ] LoadDynamicKrisp
[2025-Mar-02 22:46:47.840 +01:00][ 2456: 2456][info ] Did not find KRISP_DYLIB_PATH, skipping dynamic loading
[2025-Mar-02 22:46:47.840 +01:00][ 2456: 2456][info ] Initializing Krisp SDK in PID 2456, addr 0x71088f3908f0
[2025-Mar-02 22:46:48.110 +01:00][ 2456: 2456][info ] Initialized Krisp SDK successfully
[2025-Mar-02 22:46:48.110 +01:00][ 2456: 2456][info ] Krisp SDK initialized
[2025-Mar-06 15:02:06.505 +01:00][10412:10412][info ] Logging initialized
[2025-Mar-06 15:02:06.505 +01:00][10412:10412][info ] Initializing krisp SDK...
[2025-Mar-06 15:02:06.505 +01:00][10412:10412][info ] DoKrispInitialize
[2025-Mar-06 15:02:06.987 +01:00][10412:10412][info ] LoadDynamicKrisp
[2025-Mar-06 15:02:06.987 +01:00][10412:10412][info ] Did not find KRISP_DYLIB_PATH, skipping dynamic loading
[2025-Mar-06 15:02:06.987 +01:00][10412:10412][info ] Initializing Krisp SDK in PID 10412, addr 0x77ae667908f0
[2025-Mar-06 15:02:07.263 +01:00][10412:10412][info ] Initialized Krisp SDK successfully
[2025-Mar-06 15:02:07.263 +01:00][10412:10412][info ] Krisp SDK initialized
[2025-Mar-07 08:35:51.265 +01:00][ 1772: 1772][info ] Logging initialized
[2025-Mar-07 08:35:51.265 +01:00][ 1772: 1772][info ] Initializing krisp SDK...
[2025-Mar-07 08:35:51.265 +01:00][ 1772: 1772][info ] DoKrispInitialize
[2025-Mar-07 08:35:51.717 +01:00][ 1772: 1772][info ] LoadDynamicKrisp
[2025-Mar-07 08:35:51.717 +01:00][ 1772: 1772][info ] Did not find KRISP_DYLIB_PATH, skipping dynamic loading
[2025-Mar-07 08:35:51.717 +01:00][ 1772: 1772][info ] Initializing Krisp SDK in PID 1772, addr 0x78bf0cb908f0
[2025-Mar-07 08:35:51.988 +01:00][ 1772: 1772][info ] Initialized Krisp SDK successfully
[2025-Mar-07 08:35:51.988 +01:00][ 1772: 1772][info ] Krisp SDK initialized
