[2025-Jan-24 17:37:24.001 +01:00][ 3421: 3421][info ] Logging initialized
[2025-Jan-24 21:40:18.305 +01:00][ 1740: 1740][info ] Logging initialized
[2025-Jan-25 16:04:47.292 +01:00][ 1353: 1353][info ] Logging initialized
[2025-Jan-26 20:17:34.745 +01:00][ 3359: 3359][info ] Logging initialized
[2025-Jan-27 22:12:09.661 +01:00][  800:  800][info ] Logging initialized
[2025-Jan-31 19:16:46.087 +01:00][ 2239: 2239][info ] Logging initialized
[2025-Feb-01 19:42:48.876 +01:00][ 2845: 2845][info ] Logging initialized
[2025-Feb-02 00:18:06.397 +01:00][ 1554: 1554][info ] Logging initialized
[2025-Feb-03 08:41:10.518 +01:00][ 1992: 1992][info ] Logging initialized
[2025-Feb-04 08:20:32.177 +01:00][26728:26728][info ] Logging initialized
[2025-Feb-04 08:21:23.692 +01:00][27027:27027][info ] Logging initialized
[2025-Feb-04 08:21:26.689 +01:00][27027:27027][info ] Logging initialized
[2025-Feb-04 08:54:02.290 +01:00][ 2119: 2119][info ] Logging initialized
[2025-Feb-04 09:15:17.327 +01:00][ 3135: 3135][info ] Logging initialized
[2025-Feb-04 09:46:30.937 +01:00][ 6243: 6243][info ] Logging initialized
[2025-Feb-06 08:29:59.139 +01:00][ 3066: 3066][info ] Logging initialized
[2025-Feb-07 17:05:01.250 +01:00][ 3414: 3414][info ] Logging initialized
[2025-Feb-10 08:26:17.274 +01:00][13488:13488][info ] Logging initialized
[2025-Feb-11 08:41:59.819 +01:00][10897:10897][info ] Logging initialized
[2025-Feb-12 08:22:51.487 +01:00][ 4548: 4548][info ] Logging initialized
[2025-Feb-17 08:22:33.810 +01:00][251642:251642][info ] Logging initialized
[2025-Feb-17 20:06:16.887 +01:00][ 1653: 1653][info ] Logging initialized
[2025-Feb-21 23:12:02.524 +01:00][28769:28769][info ] Logging initialized
[2025-Feb-22 15:24:04.069 +01:00][ 2051: 2051][info ] Logging initialized
[2025-Feb-24 08:30:58.655 +01:00][90262:90262][info ] Logging initialized
[2025-Feb-25 08:40:12.929 +01:00][ 8636: 8636][info ] Logging initialized
[2025-Feb-25 10:00:04.794 +01:00][17058:17058][info ] Logging initialized
[2025-Feb-25 13:22:19.423 +01:00][ 4085: 4085][info ] Logging initialized
[2025-Feb-26 19:42:16.510 +01:00][ 1429: 1429][info ] Logging initialized
[2025-Feb-27 08:22:42.833 +01:00][ 4280: 4280][info ] Logging initialized
[2025-Feb-28 08:47:09.517 +01:00][ 6123: 6123][info ] Logging initialized
[2025-Mar-02 22:46:46.402 +01:00][ 2456: 2456][info ] Logging initialized
[2025-Mar-06 15:02:05.554 +01:00][10412:10412][info ] Logging initialized
[2025-Mar-07 08:35:50.269 +01:00][ 1772: 1772][info ] Logging initialized
