2025-02-17T11:20:55.559Z - info: [ui] [AppStore] loading 0 repositories from store
2025-02-17T11:20:55.627Z - info: [ui] [Welcome] no sign in step found. ignoring...
2025-02-17T11:20:55.687Z - info: [ui] [Welcome] no sign in step found. ignoring...
2025-02-17T11:20:55.797Z - info: [ui] launching: 3.4.8-linux1 (Linux 6.13.2-arch1-1)
2025-02-17T11:20:55.800Z - info: [ui] execPath: '/opt/github-desktop/github-desktop'
2025-02-17T11:20:55.805Z - info: [ui] [Welcome] no sign in step found. ignoring...
2025-02-17T11:20:55.863Z - info: [ui] Opt in reported.
2025-02-17T11:20:55.864Z - info: [ui] [Welcome] no sign in step found. ignoring...
2025-02-17T11:20:56.864Z - info: [ui] [Welcome] no sign in step found. ignoring...
2025-02-17T11:20:56.870Z - info: [ui] [Welcome] no sign in step found. ignoring...
2025-02-17T11:20:57.320Z - info: [ui] [Welcome] no sign in step found. ignoring...
2025-02-17T11:20:57.338Z - info: [ui] [Welcome] no sign in step found. ignoring...
2025-02-17T11:20:58.266Z - info: [ui] [Welcome] advancing to step: SignInToDotComWithBrowser
2025-02-17T11:20:58.280Z - info: [ui] [SignInStore] initializing OAuth flow
2025-02-17T11:20:58.280Z - info: [main] opening in browser: https://github.com/login/oauth/authorize?client_id=3a723b10ac5575cc5bb9&scope=repo%20user%20workflow&state=1bc15188-0b19-4ef1-b9b5-f00d5467e9af
2025-02-17T11:20:58.280Z - info: [ui] [SignInStore] account resolved
2025-02-17T11:20:58.281Z - info: [ui] [Welcome] current sign in state not found. ignoring...
2025-02-17T11:20:59.289Z - info: [ui] [Welcome] kind Authentication is the same as Authentication. ignoring...
2025-02-17T11:21:19.330Z - info: [main] Received possible protocol arguments: 3
2025-02-17T11:21:19.331Z - info: [main] Processing protocol url
2025-02-17T11:21:19.336Z - info: [ui] [Welcome] kind Authentication is the same as Authentication. ignoring...
2025-02-17T11:21:19.436Z - info: [main] Received possible protocol arguments: 2
2025-02-17T11:21:19.449Z - info: [main] Processing protocol url
2025-02-17T11:21:19.976Z - info: [ui] [Welcome] kind Authentication is the same as Authentication. ignoring...
2025-02-17T11:21:20.097Z - info: [ui] [AppStore] adding account jonasvbiegel (Jonas Vittrup Biegel) to store
2025-02-17T11:21:20.103Z - info: [ui] [Welcome] advancing to step: ConfigureGit
2025-02-17T11:21:20.166Z - error: [ui] Error adding account 'jonasvbiegel'
Error: The name is not activatable
2025-02-17T11:21:20.182Z - info: [ui] [Welcome] no sign in step found. ignoring...
2025-02-17T11:21:49.184Z - info: [ui] [AppStore] adding repository at /home/jonas/repos/3SemesterOpgaver to store
2025-02-17T11:21:55.012Z - info: [ui] [SignInStore] initializing OAuth flow
2025-02-17T11:21:55.022Z - info: [main] opening in browser: https://github.com/login/oauth/authorize?client_id=3a723b10ac5575cc5bb9&scope=repo%20user%20workflow&state=fc3a516d-7556-4d47-95b3-86b62715a2bd
2025-02-17T11:21:55.023Z - info: [ui] [SignInStore] account resolved
2025-02-17T11:22:00.298Z - info: [main] Received possible protocol arguments: 3
2025-02-17T11:22:00.299Z - info: [main] Processing protocol url
2025-02-17T11:22:00.413Z - info: [main] Received possible protocol arguments: 2
2025-02-17T11:22:00.429Z - info: [main] Processing protocol url
2025-02-17T11:22:01.100Z - info: [ui] [AppStore] adding account jonasvbiegel (Jonas Vittrup Biegel) to store
2025-02-17T11:22:01.110Z - error: [ui] Error adding account 'jonasvbiegel'
Error: The name is not activatable
2025-02-17T11:22:01.482Z - info: [ui] Executing fetch: git fetch --progress --prune --recurse-submodules=on-demand origin (took 9.499s)
