[104513][1738664493862][main][info]["Booting Postman 11.31.0, linux-6.13.1-arch1-1 on x64"]
[104513][1738664493869][main][info]["EventBus~initialize - Success"]
[104513][1738664493873][main][info]["Proxy configuration has not been setup"]
[104513][1738664493874][main][info]["CloudProxyManager~init - Success"]
[104513][1738664493978][main][info]["performShellDataMigration: Starting shell data migration"]
[104513][1738664493978][main][info]["migrateShellData:Starting"]
[104513][1738664493983][main][info]["migrateShellData: Old storage cleaned up"]
[104513][1738664494253][main][info]["migrateShellData: Got data from shell. Writing to storage"]
[104513][1738664494269][main][info]["performShellDataMigration: Migration successful on try count 1"]
[104513][1738664494288][main][info]["UpdateHandler~init - Success"]
[104513][1738664494291][main][info]["LeaderSelection: Initialized successfully"]
[104513][1738664494293][main][info]["VersionDependencyService: Initialized successfully"]
[104513][1738664494312][main][info]["GPU detected VID 32902 DID 358 ACTIVE true"]
[104513][1738664494314][main][info]["shellController~init: Success"]
[104513][1738664494314][main][info]["shellMeta~init: Success"]
[104513][1738664494315][main][info]["partitionMigrationService: State of V7 partition:"]
[104513][1738664494315][main][info]["partitionMigrationService: V7 partitions",[]]
[104513][1738664494315][main][info]["partitionMigrationService~rectifyNamespaceOfScratchPadPartition: There is no partition with scratchpad namespace"]
[104513][1738664494316][main][info]["partitionMigrationService~rectifyNamespaceOfScratchPadPartition: There is no transit partition which could have been used for scratchpad"]
[104513][1738664494316][main][info]["partitionMigrationService~init: Success"]
[104513][1738664494317][main][info]["partitionMigrationService~runV8PartitionsIntegrity: Two way migration~ removing the following partitions from v8",[]]
[104513][1738664494317][main][info]["userPartitionService~_rectifyTheActivePartitionOfApplication: Setting the active partition to ",null]
[104513][1738664494333][main][info]["LinuxAutoUpdater~Cleanup - Initial cleanup successful"]
[104513][1738664494337][main][info]["newAccountRegionPreferenceService~getPreferenceWithFallback - Preference not found in storage."]
[104513][1738664494338][main][info]["newAccountRegionPreferenceService~getToggleMenuTemplate - Using preference:","useUSRegion"]
[104513][1738664494353][main][info]["userPartitionService~init: Success"]
[104513][1738664494386][main][info]["userPartitionService: State of v8 partition system:"]
[104513][1738664494387][main][info]["shell~init~getPartitionToLoad: loading scratchpad partition"]
[104513][1738664494388][main][info]["userPartitionService: List of partitions:",[]]
[104513][1738664494388][main][info]["userPartitionService: users global meta:",{}]
[104513][1738664494412][main][info]["Main:windowManager~newRequesterWindow: Fetch and update runtime config: undefined"]
[104513][1738664498865][main][info]["RuntimeIPCAgent~started: Success"]
[104513][1738664498894][main][info]["Main~scratchpadThemeAction:: action: set, value: light"]
[104513][1738664498900][main][info]["Main~scratchpadThemeAction:: action: set, value: light"]
[104513][1738664498920][main][info]["Main~scratchpadThemeAction:: action: set, value: light"]
[104513][1738664498940][main][info]["UpdateHandler~app-update-events - Received event",{"name":"checkForElectronVersionUpdated","namespace":"appUpdate"}]
[104513][1738664498951][main][info]["windowManager: First requester booted successfully."]
[104513][1738664498951][main][info]["windowManager~restoreWindows: Restoring requester windows"]
[104513][1738664498952][main][info]["Main~AppEvents - Received booted event for process requester.Version undefined UI Version: undefined Desktop Platform Version: 11.31.0"]
[104513][1738664503239][main][info]["WindowManager~closeHandler - Closed Window (id: 2 )"]
[104513][1738664503250][main][info]["Quitting app"]
[16724][1739174681725][main][info]["Booting Postman 11.31.0, linux-6.13.1-arch1-1 on x64"]
[16724][1739174681732][main][info]["EventBus~initialize - Success"]
[16724][1739174681739][main][info]["Proxy configuration has not been setup"]
[16724][1739174681740][main][info]["CloudProxyManager~init - Success"]
[16724][1739174681847][main][info]["performShellDataMigration: Migration has already been done. Bailing out"]
[16724][1739174681912][main][info]["UpdateHandler~init - Success"]
[16724][1739174681915][main][info]["LeaderSelection: Initialized successfully"]
[16724][1739174681917][main][info]["VersionDependencyService: Initialized successfully"]
[16724][1739174681930][main][info]["GPU detected VID 32902 DID 358 ACTIVE true"]
[16724][1739174681932][main][info]["shellController~init: Success"]
[16724][1739174681932][main][info]["shellMeta~init: Success"]
[16724][1739174681932][main][info]["partitionMigrationService: State of V7 partition:"]
[16724][1739174681933][main][info]["partitionMigrationService: V7 partitions",[]]
[16724][1739174681933][main][info]["partitionMigrationService~rectifyNamespaceOfScratchPadPartition: There is no partition with scratchpad namespace"]
[16724][1739174681933][main][info]["partitionMigrationService~rectifyNamespaceOfScratchPadPartition: There is no transit partition which could have been used for scratchpad"]
[16724][1739174681934][main][info]["partitionMigrationService~init: Success"]
[16724][1739174681934][main][info]["partitionMigrationService~runV8PartitionsIntegrity: Two way migration~ removing the following partitions from v8",[]]
[16724][1739174681935][main][info]["userPartitionService~_rectifyTheActivePartitionOfApplication: Setting the active partition to ",null]
[16724][1739174681940][main][info]["LinuxAutoUpdater~Cleanup - Initial cleanup successful"]
[16724][1739174681942][main][info]["newAccountRegionPreferenceService~getPreferenceWithFallback - Preference not found in storage."]
[16724][1739174681943][main][info]["newAccountRegionPreferenceService~getToggleMenuTemplate - Using preference:","useUSRegion"]
[16724][1739174681961][main][info]["userPartitionService~init: Success"]
[16724][1739174681993][main][info]["userPartitionService: State of v8 partition system:"]
[16724][1739174681993][main][info]["shell~init~getPartitionToLoad: loading scratchpad partition"]
[16724][1739174681993][main][info]["userPartitionService: List of partitions:",[{"partitionId":"75b8dda7-ed95-4be4-9d8a-14fd40d59e4e","namespace":"scratchPad","userId":0,"teamId":0,"isDirty":false}]]
[16724][1739174681994][main][info]["userPartitionService: users global meta:",{}]
[16724][1739174681994][main][info]["Main:windowManager~newRequesterWindow: Fetch and update runtime config: undefined"]
[16724][1739174687440][main][info]["RuntimeIPCAgent~started: Success"]
[16724][1739174687494][main][info]["Main~scratchpadThemeAction:: action: set, value: light"]
[16724][1739174687499][main][info]["Main~scratchpadThemeAction:: action: set, value: light"]
[16724][1739174687521][main][info]["Main~scratchpadThemeAction:: action: set, value: light"]
[16724][1739174687537][main][info]["UpdateHandler~app-update-events - Received event",{"name":"checkForElectronVersionUpdated","namespace":"appUpdate"}]
[16724][1739174687548][main][info]["windowManager: First requester booted successfully."]
[16724][1739174687548][main][info]["windowManager~restoreWindows: Restoring requester windows"]
[16724][1739174687549][main][info]["Main~AppEvents - Received booted event for process requester.Version undefined UI Version: undefined Desktop Platform Version: 11.31.0"]
[16724][1739174690754][main][info]["WindowManager~closeHandler - Closed Window (id: 1 )"]
[16724][1739174690767][main][info]["Quitting app"]
