2/25/2025, 8:40:01 AM GMT+1 0: 

----------------------------------------------
2/25/2025, 8:40:01 AM GMT+1 1: Discord starting: {"releaseChannel":"stable","version":"0.0.87"}, modulepath: /home/jonas/.config/discord/0.0.87/modules
2/25/2025, 8:40:01 AM GMT+1 2: ✅ webContents.created web1 ""
2/25/2025, 8:40:01 AM GMT+1 3: ✅ window.created win1 "discord"
2/25/2025, 8:40:02 AM GMT+1 4: ✅ webContents.did-finish-load web1
2/25/2025, 8:40:11 AM GMT+1 5: ✅ webContents.created web2 ""
2/25/2025, 8:40:11 AM GMT+1 6: ✅ window.created win2 "Discord"
2/25/2025, 8:40:15 AM GMT+1 7: ✅ webContents.did-finish-load web2
2/25/2025, 8:40:16 AM GMT+1 8: window.close win1
2/25/2025, 8:40:16 AM GMT+1 9: webContents.destroyed web1
2/25/2025, 8:40:16 AM GMT+1 10: window.closed win1
2/25/2025, 9:59:55 AM GMT+1 11: window.close win2
2/25/2025, 9:59:57 AM GMT+1 12: before-quit
2/25/2025, 9:59:57 AM GMT+1 13: window.close win2
2/25/2025, 9:59:57 AM GMT+1 14: webContents.destroyed web2
2/25/2025, 9:59:57 AM GMT+1 15: window.closed win2
2/25/2025, 10:00:02 AM GMT+1 0: 

----------------------------------------------
2/25/2025, 10:00:02 AM GMT+1 1: Discord starting: {"releaseChannel":"stable","version":"0.0.87"}, modulepath: /home/jonas/.config/discord/0.0.87/modules
2/25/2025, 10:00:02 AM GMT+1 2: ✅ webContents.created web1 ""
2/25/2025, 10:00:02 AM GMT+1 3: ✅ window.created win1 "discord"
2/25/2025, 10:00:02 AM GMT+1 4: ✅ webContents.did-finish-load web1
2/25/2025, 10:00:03 AM GMT+1 5: ✅ webContents.created web2 ""
2/25/2025, 10:00:03 AM GMT+1 6: ✅ window.created win2 "Discord"
2/25/2025, 10:00:07 AM GMT+1 7: ✅ webContents.did-finish-load web2
2/25/2025, 10:00:07 AM GMT+1 8: window.close win1
2/25/2025, 10:00:07 AM GMT+1 9: webContents.destroyed web1
2/25/2025, 10:00:07 AM GMT+1 10: window.closed win1
2/25/2025, 10:00:20 AM GMT+1 11: window.close win2
2/25/2025, 12:38:25 PM GMT+1 12: before-quit
2/25/2025, 1:22:17 PM GMT+1 0: 

----------------------------------------------
2/25/2025, 1:22:17 PM GMT+1 1: Discord starting: {"releaseChannel":"stable","version":"0.0.87"}, modulepath: /home/jonas/.config/discord/0.0.87/modules
2/25/2025, 1:22:17 PM GMT+1 2: ✅ webContents.created web1 ""
2/25/2025, 1:22:17 PM GMT+1 3: ✅ window.created win1 "discord"
2/25/2025, 1:22:17 PM GMT+1 4: ✅ webContents.did-finish-load web1
2/25/2025, 1:22:18 PM GMT+1 5: ✅ webContents.created web2 ""
2/25/2025, 1:22:18 PM GMT+1 6: ✅ window.created win2 "Discord"
2/25/2025, 1:22:21 PM GMT+1 7: ✅ webContents.did-finish-load web2
2/25/2025, 1:22:22 PM GMT+1 8: window.close win1
2/25/2025, 1:22:22 PM GMT+1 9: webContents.destroyed web1
2/25/2025, 1:22:22 PM GMT+1 10: window.closed win1
2/25/2025, 1:42:06 PM GMT+1 11: window.close win2
2/26/2025, 7:42:13 PM GMT+1 0: 

----------------------------------------------
2/26/2025, 7:42:13 PM GMT+1 1: Discord starting: {"releaseChannel":"stable","version":"0.0.87"}, modulepath: /home/jonas/.config/discord/0.0.87/modules
2/26/2025, 7:42:13 PM GMT+1 2: ✅ webContents.created web1 ""
2/26/2025, 7:42:13 PM GMT+1 3: ✅ window.created win1 "discord"
2/26/2025, 7:42:14 PM GMT+1 4: ✅ webContents.did-finish-load web1
2/26/2025, 7:42:14 PM GMT+1 5: ✅ webContents.created web2 ""
2/26/2025, 7:42:14 PM GMT+1 6: ✅ window.created win2 "Discord"
2/26/2025, 7:42:19 PM GMT+1 7: ✅ webContents.did-finish-load web2
2/26/2025, 7:42:19 PM GMT+1 8: window.close win1
2/26/2025, 7:42:19 PM GMT+1 9: webContents.destroyed web1
2/26/2025, 7:42:19 PM GMT+1 10: window.closed win1
2/26/2025, 10:19:02 PM GMT+1 11: window.close win2
2/26/2025, 10:19:04 PM GMT+1 12: before-quit
2/27/2025, 8:22:40 AM GMT+1 0: 

----------------------------------------------
2/27/2025, 8:22:40 AM GMT+1 1: Discord starting: {"releaseChannel":"stable","version":"0.0.87"}, modulepath: /home/jonas/.config/discord/0.0.87/modules
2/27/2025, 8:22:40 AM GMT+1 2: ✅ webContents.created web1 ""
2/27/2025, 8:22:40 AM GMT+1 3: ✅ window.created win1 "discord"
2/27/2025, 8:22:40 AM GMT+1 4: ✅ webContents.did-finish-load web1
2/27/2025, 8:22:41 AM GMT+1 5: ✅ webContents.created web2 ""
2/27/2025, 8:22:41 AM GMT+1 6: ✅ window.created win2 "Discord"
2/27/2025, 8:22:46 AM GMT+1 7: ✅ webContents.did-finish-load web2
2/27/2025, 8:22:46 AM GMT+1 8: window.close win1
2/27/2025, 8:22:46 AM GMT+1 9: webContents.destroyed web1
2/27/2025, 8:22:46 AM GMT+1 10: window.closed win1
2/27/2025, 12:28:05 PM GMT+1 11: before-quit
2/28/2025, 8:47:07 AM GMT+1 0: 

----------------------------------------------
2/28/2025, 8:47:07 AM GMT+1 1: Discord starting: {"releaseChannel":"stable","version":"0.0.87"}, modulepath: /home/jonas/.config/discord/0.0.87/modules
2/28/2025, 8:47:07 AM GMT+1 2: ✅ webContents.created web1 ""
2/28/2025, 8:47:07 AM GMT+1 3: ✅ window.created win1 "discord"
2/28/2025, 8:47:07 AM GMT+1 4: ✅ webContents.did-finish-load web1
2/28/2025, 8:47:08 AM GMT+1 5: ✅ webContents.created web2 ""
2/28/2025, 8:47:08 AM GMT+1 6: ✅ window.created win2 "Discord"
2/28/2025, 8:47:12 AM GMT+1 7: ✅ webContents.did-finish-load web2
2/28/2025, 8:47:12 AM GMT+1 8: window.close win1
2/28/2025, 8:47:12 AM GMT+1 9: webContents.destroyed web1
2/28/2025, 8:47:12 AM GMT+1 10: window.closed win1
2/28/2025, 11:31:28 AM GMT+1 11: window.close win2
2/28/2025, 11:34:49 AM GMT+1 12: before-quit
3/2/2025, 10:46:43 PM GMT+1 0: 

----------------------------------------------
3/2/2025, 10:46:43 PM GMT+1 1: Discord starting: {"releaseChannel":"stable","version":"0.0.87"}, modulepath: /home/jonas/.config/discord/0.0.87/modules
3/2/2025, 10:46:43 PM GMT+1 2: ✅ webContents.created web1 ""
3/2/2025, 10:46:43 PM GMT+1 3: ✅ window.created win1 "discord"
3/2/2025, 10:46:44 PM GMT+1 4: ✅ webContents.did-finish-load web1
3/2/2025, 10:46:44 PM GMT+1 5: ✅ webContents.created web2 ""
3/2/2025, 10:46:44 PM GMT+1 6: ✅ window.created win2 "Discord"
3/2/2025, 10:46:49 PM GMT+1 7: ✅ webContents.did-finish-load web2
3/2/2025, 10:46:49 PM GMT+1 8: window.close win1
3/2/2025, 10:46:49 PM GMT+1 9: webContents.destroyed web1
3/2/2025, 10:46:49 PM GMT+1 10: window.closed win1
3/2/2025, 11:15:19 PM GMT+1 11: window.close win2
3/2/2025, 11:16:25 PM GMT+1 12: window.close win2
3/2/2025, 11:32:33 PM GMT+1 13: window.close win2
3/2/2025, 11:32:37 PM GMT+1 14: before-quit
3/6/2025, 3:01:51 PM GMT+1 0: 

----------------------------------------------
3/6/2025, 3:01:51 PM GMT+1 1: Discord starting: {"releaseChannel":"stable","version":"0.0.87"}, modulepath: /home/jonas/.config/discord/0.0.87/modules
3/6/2025, 3:01:51 PM GMT+1 2: ✅ webContents.created web1 ""
3/6/2025, 3:01:51 PM GMT+1 3: ✅ window.created win1 "discord"
3/6/2025, 3:01:52 PM GMT+1 4: ✅ webContents.did-finish-load web1
3/6/2025, 3:02:03 PM GMT+1 5: ✅ webContents.created web2 ""
3/6/2025, 3:02:03 PM GMT+1 6: ✅ window.created win2 "Discord"
3/6/2025, 3:02:08 PM GMT+1 7: ✅ webContents.did-finish-load web2
3/6/2025, 3:02:08 PM GMT+1 8: window.close win1
3/6/2025, 3:02:08 PM GMT+1 9: webContents.destroyed web1
3/6/2025, 3:02:08 PM GMT+1 10: window.closed win1
3/6/2025, 3:42:35 PM GMT+1 11: window.close win2
3/6/2025, 3:42:42 PM GMT+1 12: before-quit
3/7/2025, 8:35:47 AM GMT+1 0: 

----------------------------------------------
3/7/2025, 8:35:47 AM GMT+1 1: Discord starting: {"releaseChannel":"stable","version":"0.0.87"}, modulepath: /home/jonas/.config/discord/0.0.87/modules
3/7/2025, 8:35:47 AM GMT+1 2: ✅ webContents.created web1 ""
3/7/2025, 8:35:47 AM GMT+1 3: ✅ window.created win1 "discord"
3/7/2025, 8:35:48 AM GMT+1 4: ✅ webContents.did-finish-load web1
3/7/2025, 8:35:48 AM GMT+1 5: ✅ webContents.created web2 ""
3/7/2025, 8:35:48 AM GMT+1 6: ✅ window.created win2 "Discord"
3/7/2025, 8:35:53 AM GMT+1 7: ✅ webContents.did-finish-load web2
3/7/2025, 8:35:53 AM GMT+1 8: window.close win1
3/7/2025, 8:35:53 AM GMT+1 9: webContents.destroyed web1
3/7/2025, 8:35:53 AM GMT+1 10: window.closed win1
3/7/2025, 8:36:56 AM GMT+1 11: window.close win2
