2025-04-16 08:45:53 Loading main app package /usr/lib/obsidian/obsidian.asar
2025-04-16 08:45:53 Checking for update using Github
2025-04-16 08:45:53 Success.
2025-04-16 08:45:53 Latest version is 1.8.9
2025-04-16 08:45:53 App is up to date.
2025-04-16 08:49:21 Loading main app package /usr/lib/obsidian/obsidian.asar
2025-04-16 08:49:21 Checking for update using Github
2025-04-16 08:49:21 Success.
2025-04-16 08:49:21 Latest version is 1.8.9
2025-04-16 08:49:21 App is up to date.
2025-04-16 08:56:26 Loading main app package /usr/lib/obsidian/obsidian.asar
2025-04-16 08:56:26 Checking for update using Github
2025-04-16 08:56:26 Success.
2025-04-16 08:56:26 Latest version is 1.8.9
2025-04-16 08:56:26 App is up to date.
2025-04-16 09:37:54 Loading main app package /usr/lib/obsidian/obsidian.asar
2025-04-16 09:37:54 Checking for update using Github
2025-04-16 09:37:54 Success.
2025-04-16 09:37:54 Latest version is 1.8.9
2025-04-16 09:37:54 App is up to date.
2025-04-25 12:58:12 Loading main app package /usr/lib/obsidian/obsidian.asar
2025-04-25 12:58:12 Checking for update using Github
2025-04-25 12:58:12 Success.
2025-04-25 12:58:12 Latest version is 1.8.10
2025-04-25 12:58:12 Downloading update from https://github.com/obsidianmd/obsidian-releases/releases/download/v1.8.10/obsidian-1.8.10.asar.gz
2025-04-25 12:58:13 Verifying hash & signature. Size= 8128788
2025-04-25 12:58:13 Saving file
2025-04-25 12:58:13 Update complete.
